{
  message: 'Database Connected',
  level: 'info',
  service: 'user-service',
  label: 'right info!',
  timestamp: '2023-07-26T14:44:39.498Z'
}
{
  message: 'Example app listening on port 5000',
  level: 'info',
  service: 'user-service',
  label: 'right info!',
  timestamp: '2023-07-26T14:44:39.513Z'
}
{
  message: 'Database Connected',
  level: 'info',
  service: 'user-service',
  label: 'right info!',
  timestamp: '2023-07-26T14:57:25.699Z'
}
{
  message: 'Example app listening on port 5000',
  level: 'info',
  service: 'user-service',
  label: 'right info!',
  timestamp: '2023-07-26T14:57:25.707Z'
}
{
  message: 'Database Connected',
  level: 'info',
  service: 'user-service',
  label: 'right info!',
  timestamp: '2023-07-26T14:57:58.269Z'
}
{
  message: 'Example app listening on port 5000',
  level: 'info',
  service: 'user-service',
  label: 'right info!',
  timestamp: '2023-07-26T14:57:58.291Z'
}
{
  message: 'Database Connected',
  level: 'info',
  service: 'user-service',
  label: 'right info!',
  timestamp: '2023-07-26T14:59:42.166Z'
}
{
  message: 'Example app listening on port 5000',
  level: 'info',
  service: 'user-service',
  label: 'right info!',
  timestamp: '2023-07-26T14:59:42.176Z'
}
{
  message: 'Database Connected',
  level: 'info',
  service: 'user-service',
  label: 'right info!',
  timestamp: '2023-07-26T14:59:46.236Z'
}
{
  message: 'Example app listening on port 5000',
  level: 'info',
  service: 'user-service',
  label: 'right info!',
  timestamp: '2023-07-26T14:59:46.257Z'
}
{
  message: 'Database Connected',
  level: 'info',
  service: 'user-service',
  label: 'right info!',
  timestamp: '2023-07-26T15:01:21.659Z'
}
{
  message: 'Example app listening on port 5000',
  level: 'info',
  service: 'user-service',
  label: 'right info!',
  timestamp: '2023-07-26T15:01:21.685Z'
}
{
  message: 'Database Connected',
  level: 'info',
  service: 'user-service',
  label: 'right info!',
  timestamp: '2023-07-26T15:08:54.952Z'
}
{
  message: 'Example app listening on port 5000',
  level: 'info',
  service: 'user-service',
  label: 'right info!',
  timestamp: '2023-07-26T15:08:54.966Z'
}
{
  message: 'Database Connected',
  level: 'info',
  service: 'user-service',
  label: 'right info!',
  timestamp: '2023-07-26T15:13:38.781Z'
}
{
  message: 'Example app listening on port 5000',
  level: 'info',
  service: 'user-service',
  label: 'right info!',
  timestamp: '2023-07-26T15:13:38.806Z'
}
{
  message: 'Database Connected',
  level: 'info',
  service: 'user-service',
  label: 'right info!',
  timestamp: '2023-07-26T15:14:27.227Z'
}
{
  message: 'Example app listening on port 5000',
  level: 'info',
  service: 'user-service',
  label: 'right info!',
  timestamp: '2023-07-26T15:14:27.254Z'
}
{
  message: 'Database Connected',
  level: 'info',
  service: 'user-service',
  label: 'right info!',
  timestamp: '2023-07-26T15:20:05.496Z'
}
{
  message: 'Example app listening on port 5000',
  level: 'info',
  service: 'user-service',
  label: 'right info!',
  timestamp: '2023-07-26T15:20:05.511Z'
}
{
  message: 'Database Connected',
  level: 'info',
  service: 'user-service',
  label: 'right info!',
  timestamp: '2023-07-26T15:25:32.414Z'
}
{
  message: 'Example app listening on port 5000',
  level: 'info',
  service: 'user-service',
  label: 'right info!',
  timestamp: '2023-07-26T15:25:32.438Z'
}
{
  message: 'Database Connected',
  level: 'info',
  service: 'user-service',
  label: 'right info!',
  timestamp: '2023-07-26T15:26:40.406Z'
}
{
  message: 'Example app listening on port 5000',
  level: 'info',
  service: 'user-service',
  label: 'right info!',
  timestamp: '2023-07-26T15:26:40.431Z'
}
{
  message: 'Database Connected',
  level: 'info',
  service: 'user-service',
  label: 'right info!',
  timestamp: '2023-07-26T15:27:40.646Z'
}
{
  message: 'Example app listening on port 5000',
  level: 'info',
  service: 'user-service',
  label: 'right info!',
  timestamp: '2023-07-26T15:27:40.664Z'
}
{
  message: 'Database Connected',
  level: 'info',
  service: 'user-service',
  label: 'right info!',
  timestamp: '2023-07-26T15:37:22.258Z'
}
{
  message: 'Example app listening on port 5000',
  level: 'info',
  service: 'user-service',
  label: 'right info!',
  timestamp: '2023-07-26T15:37:22.284Z'
}
{
  message: 'Database Connected',
  level: 'info',
  service: 'user-service',
  label: 'right info!',
  timestamp: '2023-07-26T15:38:38.108Z'
}
{
  message: 'Example app listening on port 5000',
  level: 'info',
  service: 'user-service',
  label: 'right info!',
  timestamp: '2023-07-26T15:38:38.118Z'
}
{
  message: 'Database Connected',
  level: 'info',
  service: 'user-service',
  label: 'right info!',
  timestamp: '2023-07-26T15:43:08.764Z'
}
{
  message: 'Example app listening on port 5000',
  level: 'info',
  service: 'user-service',
  label: 'right info!',
  timestamp: '2023-07-26T15:43:08.786Z'
}
{
  message: 'Database Connected',
  level: 'info',
  service: 'user-service',
  label: 'right info!',
  timestamp: '2023-07-26T15:48:28.037Z'
}
{
  message: 'Example app listening on port 5000',
  level: 'info',
  service: 'user-service',
  label: 'right info!',
  timestamp: '2023-07-26T15:48:28.060Z'
}
{
  message: 'Database Connected',
  level: 'info',
  service: 'user-service',
  label: 'right info!',
  timestamp: '2023-07-26T16:17:32.356Z'
}
{
  message: 'Example app listening on port 5000',
  level: 'info',
  service: 'user-service',
  label: 'right info!',
  timestamp: '2023-07-26T16:17:32.377Z'
}
{
  message: 'Database Connected',
  level: 'info',
  service: 'user-service',
  label: 'right info!',
  timestamp: '2023-07-26T16:30:29.965Z'
}
{
  message: 'Example app listening on port 5000',
  level: 'info',
  service: 'user-service',
  label: 'right info!',
  timestamp: '2023-07-26T16:30:29.991Z'
}
{
  message: 'Database Connected',
  level: 'info',
  service: 'user-service',
  label: 'right info!',
  timestamp: '2023-07-26T16:33:44.585Z'
}
{
  message: 'Example app listening on port 5000',
  level: 'info',
  service: 'user-service',
  label: 'right info!',
  timestamp: '2023-07-26T16:33:44.603Z'
}
{
  message: 'Database Connected',
  level: 'info',
  service: 'user-service',
  label: 'right info!',
  timestamp: '2023-07-26T16:37:42.353Z'
}
{
  message: 'Example app listening on port 5000',
  level: 'info',
  service: 'user-service',
  label: 'right info!',
  timestamp: '2023-07-26T16:37:42.365Z'
}
{
  message: 'Database Connected',
  level: 'info',
  service: 'user-service',
  label: 'right info!',
  timestamp: '2023-07-26T16:39:32.846Z'
}
{
  message: 'Example app listening on port 5000',
  level: 'info',
  service: 'user-service',
  label: 'right info!',
  timestamp: '2023-07-26T16:39:32.857Z'
}
{
  message: 'Database Connected',
  level: 'info',
  service: 'user-service',
  label: 'right info!',
  timestamp: '2023-07-26T16:42:39.441Z'
}
{
  message: 'Example app listening on port 5000',
  level: 'info',
  service: 'user-service',
  label: 'right info!',
  timestamp: '2023-07-26T16:42:39.453Z'
}
{
  message: 'Database Connected',
  level: 'info',
  service: 'user-service',
  label: 'right info!',
  timestamp: '2023-07-26T16:44:36.714Z'
}
{
  message: 'Example app listening on port 5000',
  level: 'info',
  service: 'user-service',
  label: 'right info!',
  timestamp: '2023-07-26T16:44:36.734Z'
}
{
  message: 'Database Connected',
  level: 'info',
  service: 'user-service',
  label: 'right info!',
  timestamp: '2023-07-26T16:45:33.364Z'
}
{
  message: 'Example app listening on port 5000',
  level: 'info',
  service: 'user-service',
  label: 'right info!',
  timestamp: '2023-07-26T16:45:33.389Z'
}
{
  message: 'Database Connected',
  level: 'info',
  service: 'user-service',
  label: 'right info!',
  timestamp: '2023-07-26T16:47:09.491Z'
}
{
  message: 'Example app listening on port 5000',
  level: 'info',
  service: 'user-service',
  label: 'right info!',
  timestamp: '2023-07-26T16:47:09.513Z'
}
{
  message: 'Database Connected',
  level: 'info',
  service: 'user-service',
  label: 'right info!',
  timestamp: '2023-07-26T16:47:44.444Z'
}
{
  message: 'Example app listening on port 5000',
  level: 'info',
  service: 'user-service',
  label: 'right info!',
  timestamp: '2023-07-26T16:47:44.464Z'
}
{
  message: 'Database Connected',
  level: 'info',
  service: 'user-service',
  label: 'right info!',
  timestamp: '2023-07-26T16:50:28.600Z'
}
{
  message: 'Example app listening on port 5000',
  level: 'info',
  service: 'user-service',
  label: 'right info!',
  timestamp: '2023-07-26T16:50:28.620Z'
}
{
  message: 'Database Connected',
  level: 'info',
  service: 'user-service',
  label: 'right info!',
  timestamp: '2023-07-26T16:51:27.023Z'
}
{
  message: 'Example app listening on port 5000',
  level: 'info',
  service: 'user-service',
  label: 'right info!',
  timestamp: '2023-07-26T16:51:27.037Z'
}
{
  message: 'Database Connected',
  level: 'info',
  service: 'user-service',
  label: 'right info!',
  timestamp: '2023-07-26T16:54:25.650Z'
}
{
  message: 'Example app listening on port 5000',
  level: 'info',
  service: 'user-service',
  label: 'right info!',
  timestamp: '2023-07-26T16:54:25.669Z'
}
{
  message: 'Database Connected',
  level: 'info',
  service: 'user-service',
  label: 'right info!',
  timestamp: '2023-07-26T17:16:12.999Z'
}
{
  message: 'Example app listening on port 5000',
  level: 'info',
  service: 'user-service',
  label: 'right info!',
  timestamp: '2023-07-26T17:16:13.029Z'
}
{
  message: 'Database Connected',
  level: 'info',
  service: 'user-service',
  label: 'right info!',
  timestamp: '2023-07-26T17:23:34.155Z'
}
{
  message: 'Example app listening on port 5000',
  level: 'info',
  service: 'user-service',
  label: 'right info!',
  timestamp: '2023-07-26T17:23:34.192Z'
}
{
  message: 'Database Connected',
  level: 'info',
  service: 'user-service',
  label: 'right info!',
  timestamp: '2023-07-26T17:31:24.508Z'
}
{
  message: 'Example app listening on port 5000',
  level: 'info',
  service: 'user-service',
  label: 'right info!',
  timestamp: '2023-07-26T17:31:24.525Z'
}
{
  message: 'Database Connected',
  level: 'info',
  service: 'user-service',
  label: 'right info!',
  timestamp: '2023-07-26T17:44:32.907Z'
}
{
  message: 'Example app listening on port 5000',
  level: 'info',
  service: 'user-service',
  label: 'right info!',
  timestamp: '2023-07-26T17:44:32.928Z'
}
{
  message: 'Database Connected',
  level: 'info',
  service: 'user-service',
  label: 'right info!',
  timestamp: '2023-07-26T17:56:23.773Z'
}
{
  message: 'Example app listening on port 5000',
  level: 'info',
  service: 'user-service',
  label: 'right info!',
  timestamp: '2023-07-26T17:56:23.803Z'
}
