{
  message: 'Database Connected',
  level: 'info',
  service: 'user-service',
  label: 'right info!',
  timestamp: '2023-07-28T18:00:36.747Z'
}
{
  message: 'Example app listening on port 5000',
  level: 'info',
  service: 'user-service',
  label: 'right info!',
  timestamp: '2023-07-28T18:00:36.764Z'
}
{
  message: 'Database Connected',
  level: 'info',
  service: 'user-service',
  label: 'right info!',
  timestamp: '2023-07-28T18:01:31.549Z'
}
{
  message: 'Example app listening on port 5000',
  level: 'info',
  service: 'user-service',
  label: 'right info!',
  timestamp: '2023-07-28T18:01:31.568Z'
}
{
  message: 'Database Connected',
  level: 'info',
  service: 'user-service',
  label: 'right info!',
  timestamp: '2023-07-28T18:03:06.954Z'
}
{
  message: 'Example app listening on port 5000',
  level: 'info',
  service: 'user-service',
  label: 'right info!',
  timestamp: '2023-07-28T18:03:06.975Z'
}
{
  message: 'Database Connected',
  level: 'info',
  service: 'user-service',
  label: 'right info!',
  timestamp: '2023-07-28T18:03:33.327Z'
}
{
  message: 'Example app listening on port 5000',
  level: 'info',
  service: 'user-service',
  label: 'right info!',
  timestamp: '2023-07-28T18:03:33.348Z'
}
{
  message: 'Database Connected',
  level: 'info',
  service: 'user-service',
  label: 'right info!',
  timestamp: '2023-07-28T18:05:20.979Z'
}
{
  message: 'Example app listening on port 5000',
  level: 'info',
  service: 'user-service',
  label: 'right info!',
  timestamp: '2023-07-28T18:05:21.012Z'
}
{
  message: 'Database Connected',
  level: 'info',
  service: 'user-service',
  label: 'right info!',
  timestamp: '2023-07-28T18:06:54.445Z'
}
{
  message: 'Example app listening on port 5000',
  level: 'info',
  service: 'user-service',
  label: 'right info!',
  timestamp: '2023-07-28T18:06:54.466Z'
}
{
  message: 'Database Connected',
  level: 'info',
  service: 'user-service',
  label: 'right info!',
  timestamp: '2023-07-28T18:08:11.766Z'
}
{
  message: 'Example app listening on port 5000',
  level: 'info',
  service: 'user-service',
  label: 'right info!',
  timestamp: '2023-07-28T18:08:11.789Z'
}
{
  message: 'Database Connected',
  level: 'info',
  service: 'user-service',
  label: 'right info!',
  timestamp: '2023-07-28T18:12:39.411Z'
}
{
  message: 'Example app listening on port 5000',
  level: 'info',
  service: 'user-service',
  label: 'right info!',
  timestamp: '2023-07-28T18:12:39.440Z'
}
{
  message: 'Database Connected',
  level: 'info',
  service: 'user-service',
  label: 'right info!',
  timestamp: '2023-07-28T18:16:53.875Z'
}
{
  message: 'Example app listening on port 5000',
  level: 'info',
  service: 'user-service',
  label: 'right info!',
  timestamp: '2023-07-28T18:16:53.892Z'
}
{
  message: 'Database Connected',
  level: 'info',
  service: 'user-service',
  label: 'right info!',
  timestamp: '2023-07-28T18:23:27.811Z'
}
{
  message: 'Example app listening on port 5000',
  level: 'info',
  service: 'user-service',
  label: 'right info!',
  timestamp: '2023-07-28T18:23:27.840Z'
}
{
  message: 'Database Connected',
  level: 'info',
  service: 'user-service',
  label: 'right info!',
  timestamp: '2023-07-28T18:30:49.084Z'
}
{
  message: 'Example app listening on port 5000',
  level: 'info',
  service: 'user-service',
  label: 'right info!',
  timestamp: '2023-07-28T18:30:49.115Z'
}
{
  message: 'Database Connected',
  level: 'info',
  service: 'user-service',
  label: 'right info!',
  timestamp: '2023-07-28T18:42:55.783Z'
}
{
  message: 'Example app listening on port 5000',
  level: 'info',
  service: 'user-service',
  label: 'right info!',
  timestamp: '2023-07-28T18:42:55.812Z'
}
{
  message: 'Database Connected',
  level: 'info',
  service: 'user-service',
  label: 'right info!',
  timestamp: '2023-07-28T18:46:44.324Z'
}
{
  message: 'Example app listening on port 5000',
  level: 'info',
  service: 'user-service',
  label: 'right info!',
  timestamp: '2023-07-28T18:46:44.350Z'
}
{
  message: 'Database Connected',
  level: 'info',
  service: 'user-service',
  label: 'right info!',
  timestamp: '2023-07-28T18:46:57.143Z'
}
{
  message: 'Example app listening on port 5000',
  level: 'info',
  service: 'user-service',
  label: 'right info!',
  timestamp: '2023-07-28T18:46:57.155Z'
}
{
  message: 'Database Connected',
  level: 'info',
  service: 'user-service',
  label: 'right info!',
  timestamp: '2023-07-28T18:53:49.268Z'
}
{
  message: 'Example app listening on port 5000',
  level: 'info',
  service: 'user-service',
  label: 'right info!',
  timestamp: '2023-07-28T18:53:49.292Z'
}
{
  message: 'Database Connected',
  level: 'info',
  service: 'user-service',
  label: 'right info!',
  timestamp: '2023-07-28T18:56:17.406Z'
}
{
  message: 'Example app listening on port 5000',
  level: 'info',
  service: 'user-service',
  label: 'right info!',
  timestamp: '2023-07-28T18:56:17.420Z'
}
{
  message: 'Database Connected',
  level: 'info',
  service: 'user-service',
  label: 'right info!',
  timestamp: '2023-07-28T19:25:09.243Z'
}
{
  message: 'Example app listening on port 5000',
  level: 'info',
  service: 'user-service',
  label: 'right info!',
  timestamp: '2023-07-28T19:25:09.261Z'
}
{
  message: 'Database Connected',
  level: 'info',
  service: 'user-service',
  label: 'right info!',
  timestamp: '2023-07-28T19:26:11.073Z'
}
{
  message: 'Example app listening on port 5000',
  level: 'info',
  service: 'user-service',
  label: 'right info!',
  timestamp: '2023-07-28T19:26:11.097Z'
}
{
  message: 'Database Connected',
  level: 'info',
  service: 'user-service',
  label: 'right info!',
  timestamp: '2023-07-28T19:26:41.042Z'
}
{
  message: 'Database Connected',
  level: 'info',
  service: 'user-service',
  label: 'right info!',
  timestamp: '2023-07-28T19:27:03.243Z'
}
{
  message: 'Example app listening on port 5000',
  level: 'info',
  service: 'user-service',
  label: 'right info!',
  timestamp: '2023-07-28T19:27:03.268Z'
}
{
  message: 'Database Connected',
  level: 'info',
  service: 'user-service',
  label: 'right info!',
  timestamp: '2023-07-28T19:27:32.361Z'
}
{
  message: 'Example app listening on port 5000',
  level: 'info',
  service: 'user-service',
  label: 'right info!',
  timestamp: '2023-07-28T19:27:32.397Z'
}
{
  message: 'Database Connected',
  level: 'info',
  service: 'user-service',
  label: 'right info!',
  timestamp: '2023-07-28T19:29:22.496Z'
}
{
  message: 'Example app listening on port 5000',
  level: 'info',
  service: 'user-service',
  label: 'right info!',
  timestamp: '2023-07-28T19:29:22.537Z'
}
{
  message: 'Database Connected',
  level: 'info',
  service: 'user-service',
  label: 'right info!',
  timestamp: '2023-07-28T19:46:59.217Z'
}
{
  message: 'Example app listening on port 5000',
  level: 'info',
  service: 'user-service',
  label: 'right info!',
  timestamp: '2023-07-28T19:46:59.232Z'
}
{
  message: 'Database Connected',
  level: 'info',
  service: 'user-service',
  label: 'right info!',
  timestamp: '2023-07-28T19:57:46.897Z'
}
{
  message: 'Example app listening on port 5000',
  level: 'info',
  service: 'user-service',
  label: 'right info!',
  timestamp: '2023-07-28T19:57:46.912Z'
}
{
  message: 'Database Connected',
  level: 'info',
  service: 'user-service',
  label: 'right info!',
  timestamp: '2023-07-28T19:58:08.042Z'
}
{
  message: 'Example app listening on port 5000',
  level: 'info',
  service: 'user-service',
  label: 'right info!',
  timestamp: '2023-07-28T19:58:08.051Z'
}
{
  message: 'Database Connected',
  level: 'info',
  service: 'user-service',
  label: 'right info!',
  timestamp: '2023-07-28T20:05:39.853Z'
}
{
  message: 'Example app listening on port 5000',
  level: 'info',
  service: 'user-service',
  label: 'right info!',
  timestamp: '2023-07-28T20:05:39.869Z'
}
{
  message: 'Database Connected',
  level: 'info',
  service: 'user-service',
  label: 'right info!',
  timestamp: '2023-07-29T08:08:00.290Z'
}
{
  message: 'Example app listening on port 5000',
  level: 'info',
  service: 'user-service',
  label: 'right info!',
  timestamp: '2023-07-29T08:08:00.327Z'
}
{
  message: 'Database Connected',
  level: 'info',
  service: 'user-service',
  label: 'right info!',
  timestamp: '2023-07-29T08:09:19.558Z'
}
{
  message: 'Example app listening on port 5000',
  level: 'info',
  service: 'user-service',
  label: 'right info!',
  timestamp: '2023-07-29T08:09:19.587Z'
}
{
  message: 'Database Connected',
  level: 'info',
  service: 'user-service',
  label: 'right info!',
  timestamp: '2023-07-29T08:09:38.547Z'
}
{
  message: 'Example app listening on port 5000',
  level: 'info',
  service: 'user-service',
  label: 'right info!',
  timestamp: '2023-07-29T08:09:38.573Z'
}
{
  message: 'Database Connected',
  level: 'info',
  service: 'user-service',
  label: 'right info!',
  timestamp: '2023-07-29T08:34:27.251Z'
}
{
  message: 'Example app listening on port 5000',
  level: 'info',
  service: 'user-service',
  label: 'right info!',
  timestamp: '2023-07-29T08:34:27.264Z'
}
{
  message: 'Database Connected',
  level: 'info',
  service: 'user-service',
  label: 'right info!',
  timestamp: '2023-07-29T08:35:13.886Z'
}
{
  message: 'Example app listening on port 5000',
  level: 'info',
  service: 'user-service',
  label: 'right info!',
  timestamp: '2023-07-29T08:35:13.898Z'
}
{
  message: 'Database Connected',
  level: 'info',
  service: 'user-service',
  label: 'right info!',
  timestamp: '2023-07-29T09:16:09.820Z'
}
{
  message: 'Example app listening on port 5000',
  level: 'info',
  service: 'user-service',
  label: 'right info!',
  timestamp: '2023-07-29T09:16:09.846Z'
}
{
  message: 'Database Connected',
  level: 'info',
  service: 'user-service',
  label: 'right info!',
  timestamp: '2023-07-29T09:19:28.688Z'
}
{
  message: 'Example app listening on port 5000',
  level: 'info',
  service: 'user-service',
  label: 'right info!',
  timestamp: '2023-07-29T09:19:28.713Z'
}
{
  message: 'Database Connected',
  level: 'info',
  service: 'user-service',
  label: 'right info!',
  timestamp: '2023-07-29T09:25:27.168Z'
}
{
  message: 'Example app listening on port 5000',
  level: 'info',
  service: 'user-service',
  label: 'right info!',
  timestamp: '2023-07-29T09:25:27.187Z'
}
{
  message: 'Database Connected',
  level: 'info',
  service: 'user-service',
  label: 'right info!',
  timestamp: '2023-07-29T09:27:40.138Z'
}
{
  message: 'Example app listening on port 5000',
  level: 'info',
  service: 'user-service',
  label: 'right info!',
  timestamp: '2023-07-29T09:27:40.163Z'
}
{
  message: 'Database Connected',
  level: 'info',
  service: 'user-service',
  label: 'right info!',
  timestamp: '2023-07-29T09:31:22.792Z'
}
{
  message: 'Example app listening on port 5000',
  level: 'info',
  service: 'user-service',
  label: 'right info!',
  timestamp: '2023-07-29T09:31:22.812Z'
}
{
  message: 'Database Connected',
  level: 'info',
  service: 'user-service',
  label: 'right info!',
  timestamp: '2023-07-29T09:32:04.571Z'
}
{
  message: 'Example app listening on port 5000',
  level: 'info',
  service: 'user-service',
  label: 'right info!',
  timestamp: '2023-07-29T09:32:04.595Z'
}
{
  message: 'Database Connected',
  level: 'info',
  service: 'user-service',
  label: 'right info!',
  timestamp: '2023-07-29T09:36:51.574Z'
}
{
  message: 'Example app listening on port 5000',
  level: 'info',
  service: 'user-service',
  label: 'right info!',
  timestamp: '2023-07-29T09:36:51.610Z'
}
{
  message: 'Database Connected',
  level: 'info',
  service: 'user-service',
  label: 'right info!',
  timestamp: '2023-07-29T09:37:00.738Z'
}
{
  message: 'Example app listening on port 5000',
  level: 'info',
  service: 'user-service',
  label: 'right info!',
  timestamp: '2023-07-29T09:37:00.753Z'
}
{
  message: 'Database Connected',
  level: 'info',
  service: 'user-service',
  label: 'right info!',
  timestamp: '2023-07-29T09:37:42.065Z'
}
{
  message: 'Example app listening on port 5000',
  level: 'info',
  service: 'user-service',
  label: 'right info!',
  timestamp: '2023-07-29T09:37:42.079Z'
}
{
  message: 'Database Connected',
  level: 'info',
  service: 'user-service',
  label: 'right info!',
  timestamp: '2023-07-29T09:38:34.132Z'
}
{
  message: 'Example app listening on port 5000',
  level: 'info',
  service: 'user-service',
  label: 'right info!',
  timestamp: '2023-07-29T09:38:34.155Z'
}
{
  message: 'Database Connected',
  level: 'info',
  service: 'user-service',
  label: 'right info!',
  timestamp: '2023-07-29T09:48:08.755Z'
}
{
  message: 'Example app listening on port 5000',
  level: 'info',
  service: 'user-service',
  label: 'right info!',
  timestamp: '2023-07-29T09:48:08.766Z'
}
{
  message: 'Database Connected',
  level: 'info',
  service: 'user-service',
  label: 'right info!',
  timestamp: '2023-07-29T09:48:31.199Z'
}
{
  message: 'Example app listening on port 5000',
  level: 'info',
  service: 'user-service',
  label: 'right info!',
  timestamp: '2023-07-29T09:48:31.221Z'
}
{
  message: 'Database Connected',
  level: 'info',
  service: 'user-service',
  label: 'right info!',
  timestamp: '2023-07-29T09:50:57.289Z'
}
{
  message: 'Example app listening on port 5000',
  level: 'info',
  service: 'user-service',
  label: 'right info!',
  timestamp: '2023-07-29T09:50:57.301Z'
}
{
  message: 'Database Connected',
  level: 'info',
  service: 'user-service',
  label: 'right info!',
  timestamp: '2023-07-29T09:54:19.219Z'
}
{
  message: 'Example app listening on port 5000',
  level: 'info',
  service: 'user-service',
  label: 'right info!',
  timestamp: '2023-07-29T09:54:19.240Z'
}
{
  message: 'Database Connected',
  level: 'info',
  service: 'user-service',
  label: 'right info!',
  timestamp: '2023-07-29T09:58:54.087Z'
}
{
  message: 'Example app listening on port 5000',
  level: 'info',
  service: 'user-service',
  label: 'right info!',
  timestamp: '2023-07-29T09:58:54.119Z'
}
{
  message: 'Database Connected',
  level: 'info',
  service: 'user-service',
  label: 'right info!',
  timestamp: '2023-07-29T09:59:04.109Z'
}
{
  message: 'Example app listening on port 5000',
  level: 'info',
  service: 'user-service',
  label: 'right info!',
  timestamp: '2023-07-29T09:59:04.134Z'
}
{
  message: 'Database Connected',
  level: 'info',
  service: 'user-service',
  label: 'right info!',
  timestamp: '2023-07-29T10:01:43.841Z'
}
{
  message: 'Example app listening on port 5000',
  level: 'info',
  service: 'user-service',
  label: 'right info!',
  timestamp: '2023-07-29T10:01:43.851Z'
}
{
  message: 'Database Connected',
  level: 'info',
  service: 'user-service',
  label: 'right info!',
  timestamp: '2023-07-29T10:03:02.553Z'
}
{
  message: 'Example app listening on port 5000',
  level: 'info',
  service: 'user-service',
  label: 'right info!',
  timestamp: '2023-07-29T10:03:02.569Z'
}
{
  message: 'Database Connected',
  level: 'info',
  service: 'user-service',
  label: 'right info!',
  timestamp: '2023-07-29T10:04:19.925Z'
}
{
  message: 'Example app listening on port 5000',
  level: 'info',
  service: 'user-service',
  label: 'right info!',
  timestamp: '2023-07-29T10:04:19.950Z'
}
{
  message: 'Database Connected',
  level: 'info',
  service: 'user-service',
  label: 'right info!',
  timestamp: '2023-07-29T10:04:56.704Z'
}
{
  message: 'Example app listening on port 5000',
  level: 'info',
  service: 'user-service',
  label: 'right info!',
  timestamp: '2023-07-29T10:04:56.729Z'
}
{
  message: 'Database Connected',
  level: 'info',
  service: 'user-service',
  label: 'right info!',
  timestamp: '2023-07-29T10:05:58.816Z'
}
{
  message: 'Example app listening on port 5000',
  level: 'info',
  service: 'user-service',
  label: 'right info!',
  timestamp: '2023-07-29T10:05:58.827Z'
}
{
  message: 'Database Connected',
  level: 'info',
  service: 'user-service',
  label: 'right info!',
  timestamp: '2023-07-29T10:06:27.689Z'
}
{
  message: 'Example app listening on port 5000',
  level: 'info',
  service: 'user-service',
  label: 'right info!',
  timestamp: '2023-07-29T10:06:27.753Z'
}
{
  message: 'Database Connected',
  level: 'info',
  service: 'user-service',
  label: 'right info!',
  timestamp: '2023-07-29T10:06:57.392Z'
}
{
  message: 'Example app listening on port 5000',
  level: 'info',
  service: 'user-service',
  label: 'right info!',
  timestamp: '2023-07-29T10:06:57.416Z'
}
{
  message: 'Database Connected',
  level: 'info',
  service: 'user-service',
  label: 'right info!',
  timestamp: '2023-07-29T10:07:39.868Z'
}
{
  message: 'Example app listening on port 5000',
  level: 'info',
  service: 'user-service',
  label: 'right info!',
  timestamp: '2023-07-29T10:07:39.884Z'
}
{
  message: 'Database Connected',
  level: 'info',
  service: 'user-service',
  label: 'right info!',
  timestamp: '2023-07-29T10:08:29.082Z'
}
{
  message: 'Example app listening on port 5000',
  level: 'info',
  service: 'user-service',
  label: 'right info!',
  timestamp: '2023-07-29T10:08:29.107Z'
}
{
  message: 'Database Connected',
  level: 'info',
  service: 'user-service',
  label: 'right info!',
  timestamp: '2023-07-29T10:10:15.899Z'
}
{
  message: 'Example app listening on port 5000',
  level: 'info',
  service: 'user-service',
  label: 'right info!',
  timestamp: '2023-07-29T10:10:15.911Z'
}
{
  message: 'Database Connected',
  level: 'info',
  service: 'user-service',
  label: 'right info!',
  timestamp: '2023-07-29T10:12:06.951Z'
}
{
  message: 'Example app listening on port 5000',
  level: 'info',
  service: 'user-service',
  label: 'right info!',
  timestamp: '2023-07-29T10:12:06.968Z'
}
{
  message: 'Database Connected',
  level: 'info',
  service: 'user-service',
  label: 'right info!',
  timestamp: '2023-07-29T10:15:08.852Z'
}
{
  message: 'Example app listening on port 5000',
  level: 'info',
  service: 'user-service',
  label: 'right info!',
  timestamp: '2023-07-29T10:15:08.881Z'
}
{
  message: 'Database Connected',
  level: 'info',
  service: 'user-service',
  label: 'right info!',
  timestamp: '2023-07-29T10:15:12.289Z'
}
{
  message: 'Example app listening on port 5000',
  level: 'info',
  service: 'user-service',
  label: 'right info!',
  timestamp: '2023-07-29T10:15:12.305Z'
}
{
  message: 'Database Connected',
  level: 'info',
  service: 'user-service',
  label: 'right info!',
  timestamp: '2023-07-29T10:15:15.810Z'
}
{
  message: 'Example app listening on port 5000',
  level: 'info',
  service: 'user-service',
  label: 'right info!',
  timestamp: '2023-07-29T10:15:15.835Z'
}
