{
  message: 'Database Connected',
  level: 'info',
  service: 'user-service',
  label: 'right info!',
  timestamp: '2023-07-31T16:31:08.687Z'
}
{
  message: 'Example app listening on port 5000',
  level: 'info',
  service: 'user-service',
  label: 'right info!',
  timestamp: '2023-07-31T16:31:08.711Z'
}
{
  message: 'Database Connected',
  level: 'info',
  service: 'user-service',
  label: 'right info!',
  timestamp: '2023-07-31T16:53:04.786Z'
}
{
  message: 'Example app listening on port 5000',
  level: 'info',
  service: 'user-service',
  label: 'right info!',
  timestamp: '2023-07-31T16:53:04.799Z'
}
{
  message: 'Database Connected',
  level: 'info',
  service: 'user-service',
  label: 'right info!',
  timestamp: '2023-07-31T16:54:31.994Z'
}
{
  message: 'Example app listening on port 5000',
  level: 'info',
  service: 'user-service',
  label: 'right info!',
  timestamp: '2023-07-31T16:54:32.012Z'
}
{
  message: 'Database Connected',
  level: 'info',
  service: 'user-service',
  label: 'right info!',
  timestamp: '2023-07-31T16:54:52.021Z'
}
{
  message: 'Example app listening on port 5000',
  level: 'info',
  service: 'user-service',
  label: 'right info!',
  timestamp: '2023-07-31T16:54:52.043Z'
}
{
  message: 'Database Connected',
  level: 'info',
  service: 'user-service',
  label: 'right info!',
  timestamp: '2023-07-31T16:57:00.411Z'
}
{
  message: 'Example app listening on port 5000',
  level: 'info',
  service: 'user-service',
  label: 'right info!',
  timestamp: '2023-07-31T16:57:00.430Z'
}
{
  message: 'Database Connected',
  level: 'info',
  service: 'user-service',
  label: 'right info!',
  timestamp: '2023-07-31T16:58:38.507Z'
}
{
  message: 'Example app listening on port 5000',
  level: 'info',
  service: 'user-service',
  label: 'right info!',
  timestamp: '2023-07-31T16:58:38.532Z'
}
