{
  message: 'Database Connected',
  level: 'info',
  service: 'user-service',
  label: 'right info!',
  timestamp: '2023-07-25T16:51:21.298Z'
}
{
  message: 'Example app listening on port 5000',
  level: 'info',
  service: 'user-service',
  label: 'right info!',
  timestamp: '2023-07-25T16:51:21.314Z'
}
{
  message: 'Database Connected',
  level: 'info',
  service: 'user-service',
  label: 'right info!',
  timestamp: '2023-07-25T16:58:04.278Z'
}
{
  message: 'Example app listening on port 5000',
  level: 'info',
  service: 'user-service',
  label: 'right info!',
  timestamp: '2023-07-25T16:58:04.316Z'
}
{
  message: 'Database Connected',
  level: 'info',
  service: 'user-service',
  label: 'right info!',
  timestamp: '2023-07-25T17:00:55.839Z'
}
{
  message: 'Database Connected',
  level: 'info',
  service: 'user-service',
  label: 'right info!',
  timestamp: '2023-07-25T17:01:30.850Z'
}
{
  message: 'Example app listening on port 5000',
  level: 'info',
  service: 'user-service',
  label: 'right info!',
  timestamp: '2023-07-25T17:01:30.877Z'
}
{
  message: 'Database Connected',
  level: 'info',
  service: 'user-service',
  label: 'right info!',
  timestamp: '2023-07-25T17:05:41.782Z'
}
{
  message: 'Example app listening on port 5000',
  level: 'info',
  service: 'user-service',
  label: 'right info!',
  timestamp: '2023-07-25T17:05:41.802Z'
}
{
  message: 'Database Connected',
  level: 'info',
  service: 'user-service',
  label: 'right info!',
  timestamp: '2023-07-25T17:07:39.409Z'
}
{
  message: 'Example app listening on port 5000',
  level: 'info',
  service: 'user-service',
  label: 'right info!',
  timestamp: '2023-07-25T17:07:39.422Z'
}
{
  message: 'Database Connected',
  level: 'info',
  service: 'user-service',
  label: 'right info!',
  timestamp: '2023-07-25T17:11:32.044Z'
}
{
  message: 'Example app listening on port 5000',
  level: 'info',
  service: 'user-service',
  label: 'right info!',
  timestamp: '2023-07-25T17:11:32.062Z'
}
{
  message: 'Database Connected',
  level: 'info',
  service: 'user-service',
  label: 'right info!',
  timestamp: '2023-07-25T17:12:44.279Z'
}
{
  message: 'Example app listening on port 5000',
  level: 'info',
  service: 'user-service',
  label: 'right info!',
  timestamp: '2023-07-25T17:12:44.290Z'
}
{
  message: 'Database Connected',
  level: 'info',
  service: 'user-service',
  label: 'right info!',
  timestamp: '2023-07-25T17:13:29.647Z'
}
{
  message: 'Database Connected',
  level: 'info',
  service: 'user-service',
  label: 'right info!',
  timestamp: '2023-07-25T17:16:49.417Z'
}
{
  message: 'Example app listening on port 5000',
  level: 'info',
  service: 'user-service',
  label: 'right info!',
  timestamp: '2023-07-25T17:16:49.440Z'
}
{
  message: 'Database Connected',
  level: 'info',
  service: 'user-service',
  label: 'right info!',
  timestamp: '2023-07-25T17:19:59.358Z'
}
{
  message: 'Example app listening on port 5000',
  level: 'info',
  service: 'user-service',
  label: 'right info!',
  timestamp: '2023-07-25T17:19:59.368Z'
}
{
  message: 'Database Connected',
  level: 'info',
  service: 'user-service',
  label: 'right info!',
  timestamp: '2023-07-25T17:21:41.685Z'
}
{
  message: 'Example app listening on port 5000',
  level: 'info',
  service: 'user-service',
  label: 'right info!',
  timestamp: '2023-07-25T17:21:41.701Z'
}
{
  message: 'Database Connected',
  level: 'info',
  service: 'user-service',
  label: 'right info!',
  timestamp: '2023-07-25T17:23:27.434Z'
}
{
  message: 'Example app listening on port 5000',
  level: 'info',
  service: 'user-service',
  label: 'right info!',
  timestamp: '2023-07-25T17:23:27.457Z'
}
