{
  statusCode: 409,
  level: 'error',
  service: 'user-service',
  label: 'Something Wrong!',
  timestamp: '2023-07-24T16:57:43.341Z'
}
{
  statusCode: 409,
  level: 'error',
  service: 'user-service',
  label: 'Something Wrong!',
  timestamp: '2023-07-24T16:57:43.341Z'
}
{
  statusCode: 409,
  level: 'error',
  service: 'user-service',
  label: 'Something Wrong!',
  timestamp: '2023-07-24T17:01:37.429Z'
}
{
  statusCode: 409,
  level: 'error',
  service: 'user-service',
  label: 'Something Wrong!',
  timestamp: '2023-07-24T17:01:37.429Z'
}
{
  statusCode: 409,
  level: 'error',
  service: 'user-service',
  label: 'Something Wrong!',
  timestamp: '2023-07-24T17:03:06.754Z'
}
{
  statusCode: 409,
  level: 'error',
  service: 'user-service',
  label: 'Something Wrong!',
  timestamp: '2023-07-24T17:03:06.754Z'
}
{
  statusCode: 409,
  level: 'error',
  service: 'user-service',
  label: 'Something Wrong!',
  timestamp: '2023-07-24T17:06:24.671Z'
}
{
  statusCode: 409,
  level: 'error',
  service: 'user-service',
  label: 'Something Wrong!',
  timestamp: '2023-07-24T17:06:24.671Z'
}
{
  statusCode: 409,
  level: 'error',
  service: 'user-service',
  label: 'Something Wrong!',
  timestamp: '2023-07-24T17:13:31.888Z'
}
{
  statusCode: 409,
  level: 'error',
  service: 'user-service',
  label: 'Something Wrong!',
  timestamp: '2023-07-24T17:13:31.888Z'
}
{
  statusCode: 400,
  level: 'error',
  service: 'user-service',
  label: 'Something Wrong!',
  timestamp: '2023-07-24T17:21:21.763Z'
}
{
  statusCode: 400,
  level: 'error',
  service: 'user-service',
  label: 'Something Wrong!',
  timestamp: '2023-07-24T17:21:21.763Z'
}
{
  statusCode: 400,
  level: 'error',
  service: 'user-service',
  label: 'Something Wrong!',
  timestamp: '2023-07-24T17:23:11.070Z'
}
{
  statusCode: 400,
  level: 'error',
  service: 'user-service',
  label: 'Something Wrong!',
  timestamp: '2023-07-24T17:23:11.070Z'
}
{
  statusCode: 409,
  level: 'error',
  service: 'user-service',
  label: 'Something Wrong!',
  timestamp: '2023-07-24T17:24:09.751Z'
}
{
  statusCode: 409,
  level: 'error',
  service: 'user-service',
  label: 'Something Wrong!',
  timestamp: '2023-07-24T17:34:12.841Z'
}
{
  statusCode: 409,
  level: 'error',
  service: 'user-service',
  label: 'Something Wrong!',
  timestamp: '2023-07-24T17:34:12.841Z'
}
{
  statusCode: 400,
  level: 'error',
  service: 'user-service',
  label: 'Something Wrong!',
  timestamp: '2023-07-24T17:37:50.407Z'
}
{
  statusCode: 400,
  level: 'error',
  service: 'user-service',
  label: 'Something Wrong!',
  timestamp: '2023-07-24T17:37:50.407Z'
}
{
  statusCode: 409,
  level: 'error',
  service: 'user-service',
  label: 'Something Wrong!',
  timestamp: '2023-07-24T17:38:35.870Z'
}
{
  statusCode: 409,
  level: 'error',
  service: 'user-service',
  label: 'Something Wrong!',
  timestamp: '2023-07-24T17:38:35.870Z'
}
{
  statusCode: 409,
  level: 'error',
  service: 'user-service',
  label: 'Something Wrong!',
  timestamp: '2023-07-24T17:39:49.901Z'
}
{
  code: 'EADDRINUSE',
  errno: -4091,
  syscall: 'listen',
  address: '::',
  port: 5000,
  level: 'error',
  service: 'user-service',
  label: 'Something Wrong!',
  timestamp: '2023-07-24T17:47:44.063Z'
}
